[15Mar2025 00:00:03.660] [Server thread/WARN] [net.minecraft.world.level.entity.PersistentEntitySectionManager/]: UUID of added entity already exists: FallingBlockEntity['Falling Hanging Coconut'/91786, l='ServerLevel[world]', x=413.50, y=77.00, z=-481.50]
[15Mar2025 00:00:26.746] [Server thread/INFO] [net.minecraft.server.MinecraftServer/]: Nifthy575 has made the advancement [Diamonds!]
[15Mar2025 00:00:34.145] [Server thread/INFO] [net.minecraft.server.MinecraftServer/]: <ari_fl08> ojitooo
[15Mar2025 00:00:41.255] [Server thread/INFO] [net.minecraft.server.MinecraftServer/]: <Nifthy575> 1
[15Mar2025 00:00:48.033] [Server thread/INFO] [net.minecraft.server.MinecraftServer/]: <Nifthy575> 2h y 1 diamante
[15Mar2025 00:03:01.494] [Server thread/INFO] [net.minecraft.server.MinecraftServer/]: ari_fl08 has made the advancement [Pic-A-Nic Basket?]
[15Mar2025 00:08:15.238] [Server thread/INFO] [net.minecraft.server.MinecraftServer/]: ari_fl08 has made the advancement [A Realistical Logical Ideologist]
[15Mar2025 00:16:00.889] [Server thread/INFO] [net.minecraft.server.MinecraftServer/]: <Nifthy575> mi vida
[15Mar2025 00:16:06.645] [Server thread/INFO] [net.minecraft.server.MinecraftServer/]: <Nifthy575> encontre un goblin
[15Mar2025 00:16:09.940] [Server thread/INFO] [net.minecraft.server.MinecraftServer/]: <ari_fl08> ojitoo
[15Mar2025 00:16:15.580] [Server thread/INFO] [net.minecraft.server.MinecraftServer/]: <ari_fl08> lo traes
[15Mar2025 00:16:21.652] [Server thread/INFO] [net.minecraft.server.MinecraftServer/]: <ari_fl08> '
[15Mar2025 00:16:23.184] [Server thread/INFO] [net.minecraft.server.MinecraftServer/]: <ari_fl08> ¿
[15Mar2025 00:16:31.083] [Server thread/INFO] [net.minecraft.server.MinecraftServer/]: <Nifthy575> como lo llevo?
[15Mar2025 00:19:04.837] [Server thread/INFO] [net.minecraft.server.MinecraftServer/]: <Nifthy575> ???
[15Mar2025 00:19:19.242] [Server thread/INFO] [net.minecraft.server.MinecraftServer/]: <ari_fl08> con shift+click derecho
[15Mar2025 00:19:35.237] [Server thread/INFO] [net.minecraft.server.MinecraftServer/]: <ari_fl08> o con una cuerda
[15Mar2025 00:19:40.640] [Server thread/INFO] [net.minecraft.server.MinecraftServer/]: <ari_fl08> pero haces un camino
[15Mar2025 00:20:24.490] [Server thread/INFO] [net.minecraft.server.MinecraftServer/]: <Nifthy575> voy a demorar entonces
[15Mar2025 00:26:36.487] [Server thread/INFO] [net.minecraft.server.MinecraftServer/]: <Nifthy575> bebe hasme un huevo
[15Mar2025 00:26:40.534] [Server thread/INFO] [net.minecraft.server.MinecraftServer/]: <Nifthy575> hueco
[15Mar2025 00:26:43.895] [Server thread/INFO] [net.minecraft.server.MinecraftServer/]: <ari_fl08> oki
[15Mar2025 00:29:55.439] [Server thread/INFO] [net.minecraft.server.MinecraftServer/]: <Nifthy575> zzzzzzzzz
[15Mar2025 00:33:01.046] [Server thread/INFO] [net.minecraft.server.MinecraftServer/]: ari_fl08 has made the advancement [Vivid Wave]
[15Mar2025 00:41:19.322] [Server thread/INFO] [net.minecraft.server.MinecraftServer/]: <Nifthy575> zzzzzzzzzz
[15Mar2025 00:43:16.643] [Server thread/INFO] [net.minecraft.server.MinecraftServer/]: <Nifthy575> de cuanto es la librerias?
[15Mar2025 00:43:33.991] [Server thread/INFO] [net.minecraft.server.MinecraftServer/]: <Nifthy575> 5 cuadrados?
[15Mar2025 00:43:54.744] [Server thread/INFO] [net.minecraft.server.MinecraftServer/]: <ari_fl08> no s ebb
[15Mar2025 00:48:31.986] [Server thread/INFO] [net.minecraft.server.players.PlayerList/]: marcouwu2005[/127.124.148.50:50609] logged in with entity id 116309 at (-2250.721615141896, 26.0, 1542.5338587865062)
[15Mar2025 00:48:31.991] [Server thread/INFO] [ModdingLegacy/blue_skies/]: Sending ToolHandleTypeManager to marcouwu2005
[15Mar2025 00:48:31.992] [Server thread/INFO] [ModdingLegacy/blue_skies/]: Sending SnowcapOvenFreezingManager to marcouwu2005
[15Mar2025 00:48:31.992] [Server thread/INFO] [ModdingLegacy/blue_skies/]: Sending HorizoniteForgeFuelManager to marcouwu2005
[15Mar2025 00:48:31.992] [Server thread/INFO] [ModdingLegacy/blue_skies/]: Sending AlchemyRecipeManager to marcouwu2005
[15Mar2025 00:48:31.993] [Server thread/INFO] [ModdingLegacy/blue_skies/]: Sending JournalEntryManager to marcouwu2005
[15Mar2025 00:48:31.995] [Server thread/INFO] [ModdingLegacy/blue_skies/]: Sending JournalSectionManager to marcouwu2005
[15Mar2025 00:48:31.995] [Server thread/INFO] [ModdingLegacy/blue_skies/]: Sending JournalRequirementManager to marcouwu2005
[15Mar2025 00:48:32.029] [Server thread/INFO] [net.minecraft.server.MinecraftServer/]: marcouwu2005 joined the game
[15Mar2025 00:48:32.098] [Server thread/INFO] [Jade/]: Syncing config to marcouwu2005 (58a07aa3-0e93-362a-8cc4-6d8a2dfdca58)
[15Mar2025 00:48:33.990] [Server thread/INFO] [voicechat/]: [voicechat] Received secret request of marcouwu2005 (18)
[15Mar2025 00:48:33.990] [Server thread/INFO] [voicechat/]: [voicechat] Sent secret to marcouwu2005
[15Mar2025 00:48:40.862] [VoiceChatPacketProcessingThread/INFO] [voicechat/]: [voicechat] Successfully authenticated player 58a07aa3-0e93-362a-8cc4-6d8a2dfdca58
[15Mar2025 00:48:41.862] [VoiceChatPacketProcessingThread/INFO] [voicechat/]: [voicechat] Successfully validated connection of player 58a07aa3-0e93-362a-8cc4-6d8a2dfdca58
[15Mar2025 00:48:41.863] [VoiceChatPacketProcessingThread/INFO] [voicechat/]: [voicechat] Player marcouwu2005 (58a07aa3-0e93-362a-8cc4-6d8a2dfdca58) successfully connected to voice chat
[15Mar2025 00:48:55.304] [Server thread/INFO] [net.minecraft.server.MinecraftServer/]: <Nifthy575> [name:"Casita", x:-63, y:67, z:185, dim:minecraft:overworld]
[15Mar2025 00:49:23.287] [Server thread/INFO] [net.minecraft.server.MinecraftServer/]: <marcouwu2005> pq no hay grupo
[15Mar2025 00:49:33.441] [Server thread/INFO] [net.minecraft.server.MinecraftServer/]: <Nifthy575> lizet no podia hablar
[15Mar2025 00:49:37.731] [Server thread/INFO] [net.minecraft.server.MinecraftServer/]: <Nifthy575> crea uno y me uno
[15Mar2025 00:49:39.793] [Server thread/INFO] [net.minecraft.server.MinecraftServer/]: <marcouwu2005> esa puta como siempre
[15Mar2025 00:49:40.690] [Server thread/INFO] [net.minecraft.server.MinecraftServer/]: <marcouwu2005> KAJSKAS
[15Mar2025 00:49:42.086] [Server thread/INFO] [net.minecraft.server.MinecraftServer/]: <marcouwu2005> no mentria
[15Mar2025 00:50:33.088] [Server thread/INFO] [net.minecraft.server.MinecraftServer/]: ari_fl08 has made the advancement [Electric Magic]
[15Mar2025 00:50:42.341] [Server thread/INFO] [net.minecraft.server.MinecraftServer/]: <marcouwu2005> que
[15Mar2025 00:50:55.250] [Server thread/INFO] [net.minecraft.server.MinecraftServer/]: <ari_fl08> ya toy
[15Mar2025 00:51:02.248] [Server thread/INFO] [net.minecraft.server.MinecraftServer/]: <ari_fl08> hagan grupo
[15Mar2025 00:51:04.640] [Server thread/INFO] [net.minecraft.server.MinecraftServer/]: <Nifthy575> creen grupo
[15Mar2025 00:51:08.887] [Server thread/INFO] [net.minecraft.server.MinecraftServer/]: <marcouwu2005> ok
[15Mar2025 00:51:20.703] [Server thread/INFO] [net.minecraft.server.MinecraftServer/]: <ari_fl08> apura perra
[15Mar2025 00:51:31.243] [Server thread/INFO] [net.minecraft.server.MinecraftServer/]: <marcouwu2005> wuag
[15Mar2025 00:52:02.017] [Server thread/WARN] [net.minecraft.world.level.entity.PersistentEntitySectionManager/]: UUID of added entity already exists: FallingBlockEntity['Falling Hanging Coconut'/117761, l='ServerLevel[world]', x=-2072.50, y=78.00, z=1567.50]
[15Mar2025 00:52:13.545] [Server thread/INFO] [net.minecraft.server.MinecraftServer/]: <Nifthy575> estamos hablando
[15Mar2025 00:54:25.892] [Worker-Main-2/WARN] [net.minecraft.server.level.WorldGenRegion/]: Tried to access a block entity before it was created. BlockPos{x=-2071, y=-53, z=47}
[15Mar2025 00:54:25.892] [Worker-Main-2/WARN] [net.minecraft.server.level.WorldGenRegion/]: Tried to access a block entity before it was created. BlockPos{x=-2071, y=-53, z=47}
[15Mar2025 00:54:26.158] [Server thread/WARN] [net.minecraft.server.network.ServerGamePacketListenerImpl/]: Summoned Camel (vehicle of marcouwu2005) moved too quickly! 10.098915999839846,0.0,-3.3074431709430883
[15Mar2025 00:54:26.159] [Server thread/WARN] [net.minecraft.server.network.ServerGamePacketListenerImpl/]: Summoned Camel (vehicle of marcouwu2005) moved too quickly! 10.526765084629005,0.0,-3.479354205801883
[15Mar2025 00:54:26.159] [Server thread/WARN] [net.minecraft.server.network.ServerGamePacketListenerImpl/]: Summoned Camel (vehicle of marcouwu2005) moved too quickly! 10.84354878213162,0.0,-3.608918945711821
[15Mar2025 00:54:26.159] [Server thread/WARN] [net.minecraft.server.network.ServerGamePacketListenerImpl/]: Summoned Camel (vehicle of marcouwu2005) moved too quickly! 11.100903605302392,0.0,-3.7158250274887905
[15Mar2025 00:54:26.160] [Server thread/WARN] [net.minecraft.server.network.ServerGamePacketListenerImpl/]: Summoned Camel (vehicle of marcouwu2005) moved too quickly! 11.326459222701942,0.0,-3.810606913063566
[15Mar2025 00:54:26.160] [Server thread/WARN] [net.minecraft.server.network.ServerGamePacketListenerImpl/]: Summoned Camel (vehicle of marcouwu2005) moved too quickly! 11.534999719101052,0.0,-3.8989013829809664
[15Mar2025 00:54:26.161] [Server thread/WARN] [net.minecraft.server.network.ServerGamePacketListenerImpl/]: Summoned Camel (vehicle of marcouwu2005) moved too quickly! 11.939419499203268,0.0,-4.071407892251727
[15Mar2025 00:54:26.161] [Server thread/WARN] [net.minecraft.server.network.ServerGamePacketListenerImpl/]: Summoned Camel (vehicle of marcouwu2005) moved too quickly! 12.243666642898006,0.0,-4.201291258646961
[15Mar2025 00:54:26.161] [Server thread/WARN] [net.minecraft.server.network.ServerGamePacketListenerImpl/]: Summoned Camel (vehicle of marcouwu2005) moved too quickly! 12.494313406078163,0.0,-4.308367831103396
[15Mar2025 00:54:26.162] [Server thread/WARN] [net.minecraft.server.network.ServerGamePacketListenerImpl/]: Summoned Camel (vehicle of marcouwu2005) moved too quickly! 12.921263410026313,0.0,-4.490924268968001
[15Mar2025 00:54:26.162] [Server thread/WARN] [net.minecraft.server.network.ServerGamePacketListenerImpl/]: Summoned Camel (vehicle of marcouwu2005) moved too quickly! 13.442549763002262,0.0,-4.713868477906317
[15Mar2025 00:54:26.163] [Server thread/WARN] [net.minecraft.server.network.ServerGamePacketListenerImpl/]: Summoned Camel (vehicle of marcouwu2005) moved too quickly! 14.01431361547884,0.0,-4.958423377900772
[15Mar2025 00:54:26.163] [Server thread/WARN] [net.minecraft.server.network.ServerGamePacketListenerImpl/]: Summoned Camel (vehicle of marcouwu2005) moved too quickly! 14.613086971525718,0.0,-5.214541727808864
[15Mar2025 00:54:26.164] [Server thread/WARN] [net.minecraft.server.network.ServerGamePacketListenerImpl/]: Summoned Camel (vehicle of marcouwu2005) moved too quickly! 15.226312574421627,0.0,-5.476847449215256
[15Mar2025 00:54:26.164] [Server thread/WARN] [net.minecraft.server.network.ServerGamePacketListenerImpl/]: Summoned Camel (vehicle of marcouwu2005) moved too quickly! 15.847271286459545,0.0,-5.742463909747585
[15Mar2025 00:54:26.164] [Server thread/WARN] [net.minecraft.server.network.ServerGamePacketListenerImpl/]: Summoned Camel (vehicle of marcouwu2005) moved too quickly! 16.47524040693679,0.0,-6.002911206561976
[15Mar2025 00:54:26.165] [Server thread/WARN] [net.minecraft.server.network.ServerGamePacketListenerImpl/]: Summoned Camel (vehicle of marcouwu2005) moved too quickly! 17.11274654886938,0.0,-6.244958210676259
[15Mar2025 00:54:26.165] [Server thread/WARN] [net.minecraft.server.network.ServerGamePacketListenerImpl/]: Summoned Camel (vehicle of marcouwu2005) moved too quickly! 17.545866150510847,0.0,-6.400266011138456
[15Mar2025 00:54:26.166] [Server thread/WARN] [net.minecraft.server.network.ServerGamePacketListenerImpl/]: Summoned Camel (vehicle of marcouwu2005) moved too quickly! 17.86995343073795,0.0,-6.507950770707794
[15Mar2025 00:54:26.167] [Server thread/WARN] [net.minecraft.server.network.ServerGamePacketListenerImpl/]: Summoned Camel (vehicle of marcouwu2005) moved too quickly! 18.35114477069783,0.0,-6.64751290539084
[15Mar2025 00:54:26.167] [Server thread/WARN] [net.minecraft.server.network.ServerGamePacketListenerImpl/]: Summoned Camel (vehicle of marcouwu2005) moved too quickly! 18.916399360703963,0.0,-6.804131987930759
[15Mar2025 00:54:26.168] [Server thread/WARN] [net.minecraft.server.MinecraftServer/]: Can't keep up! Is the server overloaded? Running 2161ms or 43 ticks behind
[15Mar2025 00:54:26.275] [Server thread/WARN] [net.minecraft.server.network.ServerGamePacketListenerImpl/]: Summoned Camel (vehicle of marcouwu2005) moved too quickly! 10.063135397171663,0.0,-3.9134858770521532
[15Mar2025 00:54:26.276] [Server thread/WARN] [net.minecraft.server.network.ServerGamePacketListenerImpl/]: Summoned Camel (vehicle of marcouwu2005) moved too quickly! 10.697438761924786,0.0,-4.084115378530214
[15Mar2025 00:54:26.284] [Server thread/WARN] [net.minecraft.server.network.ServerGamePacketListenerImpl/]: Summoned Camel (vehicle of marcouwu2005) moved too quickly! 11.344620543673045,1.0,-4.257357989625689
[15Mar2025 00:54:37.008] [Worker-Main-2/WARN] [net.minecraft.server.level.WorldGenRegion/]: Tried to access a block entity before it was created. BlockPos{x=-1786, y=14, z=1532}
[15Mar2025 00:54:37.008] [Worker-Main-2/WARN] [net.minecraft.server.level.WorldGenRegion/]: Tried to access a block entity before it was created. BlockPos{x=-1786, y=15, z=1533}
[15Mar2025 00:54:37.008] [Worker-Main-2/WARN] [net.minecraft.server.level.WorldGenRegion/]: Tried to access a block entity before it was created. BlockPos{x=-1786, y=14, z=1532}
[15Mar2025 00:54:37.008] [Worker-Main-2/WARN] [net.minecraft.server.level.WorldGenRegion/]: Tried to access a block entity before it was created. BlockPos{x=-1786, y=15, z=1533}
[15Mar2025 00:54:40.622] [Server thread/WARN] [net.minecraft.server.network.ServerGamePacketListenerImpl/]: Summoned Camel (vehicle of marcouwu2005) moved too quickly! 6.877587230532981,3.7290403679243838,-8.697177364294703
[15Mar2025 00:54:40.622] [Server thread/WARN] [net.minecraft.server.network.ServerGamePacketListenerImpl/]: Summoned Camel (vehicle of marcouwu2005) moved too quickly! 7.6038893355053006,4.1087601883941005,-10.469615776536784
[15Mar2025 00:54:40.622] [Server thread/WARN] [net.minecraft.server.network.ServerGamePacketListenerImpl/]: Summoned Camel (vehicle of marcouwu2005) moved too quickly! 8.259969467350857,4.396611109575588,-12.070678547724128
[15Mar2025 00:54:40.623] [Server thread/WARN] [net.minecraft.server.network.ServerGamePacketListenerImpl/]: Summoned Camel (vehicle of marcouwu2005) moved too quickly! 8.853425641756985,4.596231138163446,-13.518908517813998
[15Mar2025 00:54:40.623] [Server thread/WARN] [net.minecraft.server.network.ServerGamePacketListenerImpl/]: Summoned Camel (vehicle of marcouwu2005) moved too quickly! 9.39103376930916,4.7111142158551615,-14.830842191957345
[15Mar2025 00:54:40.623] [Server thread/WARN] [net.minecraft.server.network.ServerGamePacketListenerImpl/]: Summoned Camel (vehicle of marcouwu2005) moved too quickly! 9.87883660724151,4.744615924322318,-16.021226825872645
[15Mar2025 00:54:40.821] [Server thread/WARN] [net.minecraft.server.network.ServerGamePacketListenerImpl/]: Summoned Camel (vehicle of marcouwu2005) moved too quickly! 4.249679799022033,1.4462953279934396,-10.370643310181094
[15Mar2025 00:54:40.821] [Server thread/WARN] [net.minecraft.server.network.ServerGamePacketListenerImpl/]: Summoned Camel (vehicle of marcouwu2005) moved too quickly! 4.653455768683443,1.3265747812243234,-11.355961669616363
[15Mar2025 00:54:40.822] [Server thread/WARN] [net.minecraft.server.network.ServerGamePacketListenerImpl/]: Summoned Camel (vehicle of marcouwu2005) moved too quickly! 5.021907084769282,1.1347631643740925,-12.255070757480325
[15Mar2025 00:54:40.822] [Server thread/WARN] [net.minecraft.server.network.ServerGamePacketListenerImpl/]: Summoned Camel (vehicle of marcouwu2005) moved too quickly! 5.358855873888388,0.8737152824704282,-13.077298414741335
[15Mar2025 00:54:40.822] [Server thread/WARN] [net.minecraft.server.network.ServerGamePacketListenerImpl/]: Summoned Camel (vehicle of marcouwu2005) moved too quickly! 5.667710708648883,0.546172890315276,-13.830963210214577
[15Mar2025 00:54:40.822] [Server thread/WARN] [net.minecraft.server.network.ServerGamePacketListenerImpl/]: Summoned Camel (vehicle of marcouwu2005) moved too quickly! 5.951511354190416,0.15476916927167395,-14.523483643783493
[15Mar2025 00:54:40.822] [Server thread/WARN] [net.minecraft.server.network.ServerGamePacketListenerImpl/]: Summoned Camel (vehicle of marcouwu2005) moved too quickly! 6.212968673142541,-0.29796697323008914,-15.161475533834391
[15Mar2025 00:54:40.822] [Server thread/WARN] [net.minecraft.server.network.ServerGamePacketListenerImpl/]: Summoned Camel (vehicle of marcouwu2005) moved too quickly! 6.45450021286797,-0.8096067744466922,-15.750838867374569
[15Mar2025 00:54:40.823] [Server thread/WARN] [net.minecraft.server.network.ServerGamePacketListenerImpl/]: Summoned Camel (vehicle of marcouwu2005) moved too quickly! 6.678261942166955,-1.3778176505940678,-16.296835252968776
[15Mar2025 00:54:40.959] [Server thread/WARN] [net.minecraft.server.network.ServerGamePacketListenerImpl/]: Summoned Camel (vehicle of marcouwu2005) moved too quickly! 6.886176554070744,-2.000359388162366,-16.80415699327
[15Mar2025 00:54:40.959] [Server thread/WARN] [net.minecraft.server.network.ServerGamePacketListenerImpl/]: Summoned Camel (vehicle of marcouwu2005) moved too quickly! 7.079958706274283,-2.675080486054881,-17.276988683905074
[15Mar2025 00:54:40.959] [Server thread/WARN] [net.minecraft.server.network.ServerGamePacketListenerImpl/]: Summoned Camel (vehicle of marcouwu2005) moved too quickly! 7.261137530553924,-3.2536636362715967,-17.719062147361456
[15Mar2025 00:54:40.960] [Server thread/WARN] [net.minecraft.server.network.ServerGamePacketListenerImpl/]: Summoned Camel (vehicle of marcouwu2005) moved too quickly! 7.506351771728532,-3.2536636362715967,-18.317324772766142
[15Mar2025 00:54:40.960] [Server thread/WARN] [net.minecraft.server.network.ServerGamePacketListenerImpl/]: Summoned Camel (vehicle of marcouwu2005) moved too quickly! 7.721199984161785,-3.2536636362715967,-18.841464674882673
[15Mar2025 00:54:40.960] [Server thread/WARN] [net.minecraft.server.network.ServerGamePacketListenerImpl/]: Summoned Camel (vehicle of marcouwu2005) moved too quickly! 7.919799940048961,-3.2536636362715967,-19.325942985615256
[15Mar2025 00:54:41.082] [Server thread/WARN] [net.minecraft.server.network.ServerGamePacketListenerImpl/]: Summoned Camel (vehicle of marcouwu2005) moved too quickly! 8.109705777813588,-2.2536636362715967,-19.789199169565336
[15Mar2025 00:54:41.083] [Server thread/WARN] [net.minecraft.server.network.ServerGamePacketListenerImpl/]: Summoned Camel (vehicle of marcouwu2005) moved too quickly! 8.294959566312855,-2.2536636362715967,-20.241099816597398
[15Mar2025 00:55:03.091] [Server thread/INFO] [net.minecraft.server.MinecraftServer/]: marcouwu2005 has made the advancement [Minecraft Comes Alive]
[15Mar2025 00:55:07.892] [Server thread/WARN] [net.minecraft.server.network.ServerGamePacketListenerImpl/]: Summoned Camel (vehicle of marcouwu2005) moved wrongly! 0.29350590768808615
[15Mar2025 00:55:07.938] [Server thread/WARN] [net.minecraft.server.network.ServerGamePacketListenerImpl/]: Summoned Camel (vehicle of marcouwu2005) moved wrongly! 0.9099589717079652
[15Mar2025 00:55:07.986] [Server thread/WARN] [net.minecraft.server.network.ServerGamePacketListenerImpl/]: Summoned Camel (vehicle of marcouwu2005) moved wrongly! 1.5020300964880418
[15Mar2025 00:55:08.035] [Server thread/WARN] [net.minecraft.server.network.ServerGamePacketListenerImpl/]: Summoned Camel (vehicle of marcouwu2005) moved wrongly! 2.118919474683131
[15Mar2025 00:56:08.688] [Worker-Main-3/WARN] [ModernFix/]: Skipped emitting ENTITY_MOUNT game event for entity Spider['Spider'/120588, l='ServerLevel[world]', x=-2091.50, y=-28.00, z=871.50] as it would cause deadlock
[15Mar2025 00:56:08.967] [Worker-Main-2/WARN] [ModernFix/]: Skipped emitting ENTITY_MOUNT game event for entity Spider['Spider'/120595, l='ServerLevel[world]', x=-2095.50, y=-3.00, z=811.50] as it would cause deadlock
[15Mar2025 00:56:09.053] [Worker-Main-2/WARN] [ModernFix/]: Skipped emitting ENTITY_MOUNT game event for entity Spider['Spider'/120597, l='ServerLevel[world]', x=-2085.50, y=-3.00, z=782.50] as it would cause deadlock
[15Mar2025 00:56:09.054] [Worker-Main-2/WARN] [ModernFix/]: Skipped emitting ENTITY_MOUNT game event for entity Spider['Spider'/120599, l='ServerLevel[world]', x=-2093.50, y=-3.00, z=782.50] as it would cause deadlock
[15Mar2025 00:56:43.110] [Server thread/WARN] [net.minecraft.server.MinecraftServer/]: Can't keep up! Is the server overloaded? Running 2003ms or 40 ticks behind
[15Mar2025 00:58:07.373] [Server thread/WARN] [net.minecraft.server.MinecraftServer/]: Can't keep up! Is the server overloaded? Running 2016ms or 40 ticks behind
[15Mar2025 00:58:24.740] [Server thread/WARN] [net.minecraft.server.MinecraftServer/]: Can't keep up! Is the server overloaded? Running 2383ms or 47 ticks behind
[15Mar2025 00:58:28.909] [Worker-Main-71/WARN] [net.minecraft.server.level.WorldGenRegion/]: Tried to access a block entity before it was created. BlockPos{x=-1643, y=-54, z=678}
[15Mar2025 00:58:28.910] [Worker-Main-71/WARN] [net.minecraft.server.level.WorldGenRegion/]: Tried to access a block entity before it was created. BlockPos{x=-1644, y=-54, z=677}
[15Mar2025 00:58:28.910] [Worker-Main-71/WARN] [net.minecraft.server.level.WorldGenRegion/]: Tried to access a block entity before it was created. BlockPos{x=-1643, y=-54, z=678}
[15Mar2025 00:58:28.910] [Worker-Main-71/WARN] [net.minecraft.server.level.WorldGenRegion/]: Tried to access a block entity before it was created. BlockPos{x=-1644, y=-54, z=677}
[15Mar2025 00:58:28.910] [Worker-Main-71/WARN] [ModernFix/]: Skipped emitting ENTITY_MOUNT game event for entity Spider['Spider'/122806, l='ServerLevel[world]', x=-1632.50, y=-53.00, z=687.50] as it would cause deadlock
[15Mar2025 00:58:42.137] [Server thread/WARN] [net.minecraft.server.MinecraftServer/]: Can't keep up! Is the server overloaded? Running 2431ms or 48 ticks behind
[15Mar2025 00:58:55.671] [Worker-Main-71/WARN] [ModernFix/]: Skipped emitting ENTITY_MOUNT game event for entity Spider['Spider'/123099, l='ServerLevel[world]', x=-1654.50, y=-53.00, z=640.50] as it would cause deadlock
[15Mar2025 00:59:09.024] [Server thread/WARN] [net.minecraft.server.MinecraftServer/]: Can't keep up! Is the server overloaded? Running 2017ms or 40 ticks behind
[15Mar2025 00:59:35.675] [Worker-Main-2/WARN] [net.minecraft.server.level.WorldGenRegion/]: Tried to access a block entity before it was created. BlockPos{x=-1556, y=-4, z=635}
[15Mar2025 00:59:35.675] [Worker-Main-2/WARN] [net.minecraft.server.level.WorldGenRegion/]: Tried to access a block entity before it was created. BlockPos{x=-1558, y=-4, z=635}
[15Mar2025 00:59:35.676] [Worker-Main-2/WARN] [net.minecraft.server.level.WorldGenRegion/]: Tried to access a block entity before it was created. BlockPos{x=-1557, y=-3, z=635}
[15Mar2025 00:59:35.676] [Worker-Main-2/WARN] [net.minecraft.server.level.WorldGenRegion/]: Tried to access a block entity before it was created. BlockPos{x=-1556, y=-4, z=635}
[15Mar2025 00:59:35.676] [Worker-Main-2/WARN] [net.minecraft.server.level.WorldGenRegion/]: Tried to access a block entity before it was created. BlockPos{x=-1558, y=-4, z=635}
[15Mar2025 00:59:35.676] [Worker-Main-2/WARN] [net.minecraft.server.level.WorldGenRegion/]: Tried to access a block entity before it was created. BlockPos{x=-1557, y=-3, z=635}
[15Mar2025 00:59:36.682] [Worker-Main-71/WARN] [ModernFix/]: Skipped emitting ENTITY_MOUNT game event for entity Spider['Spider'/123463, l='ServerLevel[world]', x=-1527.50, y=22.00, z=698.50] as it would cause deadlock
[15Mar2025 00:59:49.384] [Worker-Main-3/WARN] [net.minecraft.server.level.WorldGenRegion/]: Tried to access a block entity before it was created. BlockPos{x=-1600, y=-53, z=609}
[15Mar2025 00:59:49.384] [Worker-Main-3/WARN] [net.minecraft.server.level.WorldGenRegion/]: Tried to access a block entity before it was created. BlockPos{x=-1600, y=-53, z=609}
[15Mar2025 00:59:52.153] [Worker-Main-2/WARN] [ModernFix/]: Skipped emitting ENTITY_MOUNT game event for entity CaveSpider['Cave Spider'/123611, l='ServerLevel[world]', x=-1494.50, y=-3.00, z=640.50] as it would cause deadlock
[15Mar2025 01:00:01.500] [Worker-Main-3/WARN] [ModernFix/]: Skipped emitting ENTITY_MOUNT game event for entity CaveSpider['Cave Spider'/123640, l='ServerLevel[world]', x=-1486.50, y=22.00, z=698.50] as it would cause deadlock
[15Mar2025 01:00:13.350] [Worker-Main-71/WARN] [net.minecraft.server.level.WorldGenRegion/]: Tried to access a block entity before it was created. BlockPos{x=-1666, y=21, z=602}
[15Mar2025 01:00:13.350] [Worker-Main-71/WARN] [net.minecraft.server.level.WorldGenRegion/]: Tried to access a block entity before it was created. BlockPos{x=-1666, y=21, z=602}
[15Mar2025 01:00:13.350] [Worker-Main-71/WARN] [net.minecraft.server.level.WorldGenRegion/]: Tried to access a block entity before it was created. BlockPos{x=-1680, y=21, z=598}
[15Mar2025 01:00:13.350] [Worker-Main-71/WARN] [net.minecraft.server.level.WorldGenRegion/]: Tried to access a block entity before it was created. BlockPos{x=-1680, y=21, z=598}
[15Mar2025 01:00:13.351] [Worker-Main-71/WARN] [ModernFix/]: Skipped emitting ENTITY_MOUNT game event for entity CaveSpider['Cave Spider'/123716, l='ServerLevel[world]', x=-1666.50, y=22.00, z=593.50] as it would cause deadlock
[15Mar2025 01:00:33.103] [Server thread/WARN] [net.minecraft.server.network.ServerGamePacketListenerImpl/]: Nifthy575 moved too quickly! 8.341401476583655,-0.9275721963195593,-5.625771436549371
[15Mar2025 01:00:33.138] [Server thread/WARN] [net.minecraft.server.MinecraftServer/]: Can't keep up! Is the server overloaded? Running 16031ms or 320 ticks behind
[15Mar2025 01:00:48.163] [Worker-Main-71/WARN] [ModernFix/]: Skipped emitting ENTITY_MOUNT game event for entity Spider['Spider'/123970, l='ServerLevel[world]', x=-1527.50, y=22.00, z=588.50] as it would cause deadlock
[15Mar2025 01:00:51.838] [Worker-Main-2/WARN] [ModernFix/]: Skipped emitting ENTITY_MOUNT game event for entity CaveSpider['Cave Spider'/124051, l='ServerLevel[world]', x=-1672.50, y=22.00, z=573.50] as it would cause deadlock
[15Mar2025 01:00:53.086] [Worker-Main-71/WARN] [ModernFix/]: Skipped emitting ENTITY_MOUNT game event for entity Spider['Spider'/124076, l='ServerLevel[world]', x=-1505.50, y=-53.00, z=560.50] as it would cause deadlock
[15Mar2025 01:01:14.334] [Worker-Main-3/WARN] [ModernFix/]: Skipped emitting ENTITY_MOUNT game event for entity Spider['Spider'/124169, l='ServerLevel[world]', x=-1637.50, y=-53.00, z=550.50] as it would cause deadlock
[15Mar2025 01:01:16.117] [Server thread/WARN] [net.minecraft.server.network.ServerGamePacketListenerImpl/]: marcouwu2005 moved too quickly! 9.258003525151707,1.2184961198794326,-3.7393415526834133
[15Mar2025 01:01:16.139] [Server thread/WARN] [net.minecraft.server.MinecraftServer/]: Can't keep up! Is the server overloaded? Running 12432ms or 248 ticks behind
[15Mar2025 01:01:16.157] [Worker-Main-3/WARN] [ModernFix/]: Skipped emitting ENTITY_MOUNT game event for entity CaveSpider['Cave Spider'/124203, l='ServerLevel[world]', x=-1485.50, y=-53.00, z=554.50] as it would cause deadlock
[15Mar2025 01:01:29.227] [Worker-Main-3/WARN] [ModernFix/]: Skipped emitting ENTITY_MOUNT game event for entity Spider['Spider'/124304, l='ServerLevel[world]', x=-1672.50, y=16.00, z=543.50] as it would cause deadlock
[15Mar2025 01:01:29.900] [Worker-Main-3/WARN] [net.minecraft.server.level.WorldGenRegion/]: Tried to access a block entity before it was created. BlockPos{x=-1473, y=-54, z=535}
[15Mar2025 01:01:29.900] [Worker-Main-3/WARN] [net.minecraft.server.level.WorldGenRegion/]: Tried to access a block entity before it was created. BlockPos{x=-1473, y=-54, z=534}
[15Mar2025 01:01:29.901] [Worker-Main-3/WARN] [net.minecraft.server.level.WorldGenRegion/]: Tried to access a block entity before it was created. BlockPos{x=-1473, y=-54, z=535}
[15Mar2025 01:01:29.901] [Worker-Main-3/WARN] [net.minecraft.server.level.WorldGenRegion/]: Tried to access a block entity before it was created. BlockPos{x=-1473, y=-54, z=534}
[15Mar2025 01:02:14.319] [Worker-Main-3/WARN] [lithostitched/]: Non-existent template pool reference: kaisyn:village/exclusives/mediterranean/villager_bishop
